<?xml version="1.0" encoding="UTF-8"?>
<testng-results total="1" passed="1" failed="0" skipped="0">
  <reporter-output>
  </reporter-output>
  <suite started-at="2021-03-17T09:06:58Z" name="Suite" finished-at="2021-03-17T09:07:18Z" duration-ms="19136">
    <groups>
    </groups>
    <test started-at="2021-03-17T09:06:58Z" name="Test" finished-at="2021-03-17T09:07:18Z" duration-ms="19136">
      <class name="Testcases.Loginapplication">
        <test-method signature="Login()[pri:0, instance:Testcases.Loginapplication@518caac3]" started-at="2021-03-17T14:36:58Z" name="Login" finished-at="2021-03-17T14:37:18Z" duration-ms="19119" status="PASS">
          <reporter-output>
          </reporter-output>
        </test-method> <!-- Login -->
      </class> <!-- Testcases.Loginapplication -->
    </test> <!-- Test -->
  </suite> <!-- Suite -->
</testng-results>
